<?xml version="1.0" encoding="UTF-8"?>
<!-- Generated by org.testng.reporters.JUnitReportReporter -->
<testsuite hostname="gabbyDEVOPs" failures="0" tests="4" name="test.BasicValidation" time="0.237" errors="0" timestamp="2025-07-28T21:18:16 BST" skipped="0">
  <testcase classname="test.BasicValidation" name="urlValidation" time="0.012">
    <system-out>
      <![CDATA[Expected Result = https://www.facebook.com/
Actual Resutl = https://www.facebook.com/]]>
    </system-out>
  </testcase> <!-- urlValidation -->
  <testcase classname="test.BasicValidation" name="welcomeMessageValidation" time="0.042">
    <system-out>
      <![CDATA[Expected Result = Facebook helps you connect and share with the people in your life.
Actual Resutl = Facebook helps you connect and share with the people in your life.]]>
    </system-out>
  </testcase> <!-- welcomeMessageValidation -->
  <testcase classname="test.BasicValidation" name="emailPlaceholderValidation" time="0.152">
    <system-out>
      <![CDATA[Expected Result = Email address or phone number
Actual Resutl = Email address or phone number]]>
    </system-out>
  </testcase> <!-- emailPlaceholderValidation -->
  <testcase classname="test.BasicValidation" name="passwordPlaceholderValidation" time="0.031">
    <system-out>
      <![CDATA[Expected Result = Password
Actual Resutl = Password]]>
    </system-out>
  </testcase> <!-- passwordPlaceholderValidation -->
  <system-out>
    <![CDATA[Expected Result = Email address or phone number
Actual Resutl = Email address or phone number
Expected Result = Password
Actual Resutl = Password
Expected Result = https://www.facebook.com/
Actual Resutl = https://www.facebook.com/
Expected Result = Facebook helps you connect and share with the people in your life.
Actual Resutl = Facebook helps you connect and share with the people in your life.]]>
  </system-out>
</testsuite> <!-- test.BasicValidation -->
